[    0.000000] Initializing cgroup subsys cpuset
[    0.000000] Initializing cgroup subsys cpu
[    0.000000] Initializing cgroup subsys cpuacct
[    0.000000] Linux version 4.4.0-78-generic (buildd@lgw01-39) (gcc version 5.4.0 20160609 (Ubuntu 5.4.0-6ubuntu1~16.04.4) ) #99-Ubuntu SMP Thu Apr 27 15:28:22 UTC 2017 (Ubuntu 4.4.0-78.99-generic 4.4.62)
[    0.000000] KERNEL supported cpus:
[    0.000000]   Intel GenuineIntel
[    0.000000]   AMD AuthenticAMD
[    0.000000]   NSC Geode by NSC
[    0.000000]   Cyrix CyrixInstead
[    0.000000]   Centaur CentaurHauls
[    0.000000]   Transmeta GenuineTMx86
[    0.000000]   Transmeta TransmetaCPU
[    0.000000]   UMC UMC UMC UMC
[    0.000000] ------------[ cut here ]------------
[    0.000000] WARNING: CPU: 0 PID: 0 at /build/linux-gdUUdb/linux-4.4.0/arch/x86/kernel/fpu/xstate.c:517 fpu__init_system_xstate+0x34a/0x6e8()
[    0.000000] XSAVE consistency problem, dumping leaves
[    0.000000] Modules linked in:
[    0.000000] CPU: 0 PID: 0 Comm: swapper Not tainted 4.4.0-78-generic #99-Ubuntu
[    0.000000]  c1ae5967 d2a595a9 00200086 c1adfe98 c13acebf c1adfed8 c19c738c c1adfec8
[    0.000000]  c1070337 c19c7520 c1adfef8 00000000 c19c738c 00000205 c1bad0ef c1bad0ef
[    0.000000]  00000008 00000340 c1adff14 c1adfee4 c10703ae 00000009 c1adfed8 c19c7520
[    0.000000] Call Trace:
[    0.000000]  [<c13acebf>] dump_stack+0x58/0x79
[    0.000000]  [<c1070337>] warn_slowpath_common+0x87/0xc0
[    0.000000]  [<c1bad0ef>] ? fpu__init_system_xstate+0x34a/0x6e8
[    0.000000]  [<c1bad0ef>] ? fpu__init_system_xstate+0x34a/0x6e8
[    0.000000]  [<c10703ae>] warn_slowpath_fmt+0x3e/0x60
[    0.000000]  [<c1bad0ef>] fpu__init_system_xstate+0x34a/0x6e8
[    0.000000]  [<c1bacad1>] fpu__init_system+0x11e/0x24d
[    0.000000]  [<c103be11>] ? early_init_intel+0xc1/0x330
[    0.000000]  [<c1badb2b>] early_cpu_init+0x14e/0x156
[    0.000000]  [<c1badb2b>] ? early_cpu_init+0x14e/0x156
[    0.000000]  [<c1ba9156>] setup_arch+0xfb/0xd14
[    0.000000]  [<c1b9f894>] start_kernel+0xc2/0x407
[    0.000000]  [<c1b9f2ff>] i386_start_kernel+0x9a/0x9e
[    0.000000] ---[ end trace 4d5ff9f2f68c4233 ]---
[    0.000000] CPUID[0d, 00]: eax=00000007 ebx=00000440 ecx=00000440 edx=00000000
[    0.000000] CPUID[0d, 01]: eax=00000000 ebx=000003c0 ecx=00000000 edx=00000000
[    0.000000] CPUID[0d, 02]: eax=00000100 ebx=00000240 ecx=00000000 edx=00000000
[    0.000000] CPUID[0d, 03]: eax=00000000 ebx=00000000 ecx=00000000 edx=00000000
[    0.000000] CPUID[0d, 04]: eax=00000000 ebx=00000000 ecx=00000000 edx=00000000
[    0.000000] CPUID[0d, 05]: eax=00000000 ebx=00000000 ecx=00000000 edx=00000000
[    0.000000] CPUID[0d, 06]: eax=00000000 ebx=00000000 ecx=00000000 edx=00000000
[    0.000000] CPUID[0d, 07]: eax=00000000 ebx=00000000 ecx=00000000 edx=00000000
[    0.000000] CPUID[0d, 08]: eax=00000000 ebx=00000000 ecx=00000000 edx=00000000
[    0.000000] CPUID[0d, 09]: eax=00000000 ebx=00000000 ecx=00000000 edx=00000000
[    0.000000] CPUID[0d, 0a]: eax=00000000 ebx=00000000 ecx=00000000 edx=00000000
[    0.000000] CPUID[0d, 0b]: eax=00000000 ebx=00000000 ecx=00000000 edx=00000000
[    0.000000] CPUID[0d, 0c]: eax=00000000 ebx=00000000 ecx=00000000 edx=00000000
[    0.000000] CPUID[0d, 0d]: eax=00000000 ebx=00000000 ecx=00000000 edx=00000000
[    0.000000] CPUID[0d, 0e]: eax=00000000 ebx=00000000 ecx=00000000 edx=00000000
[    0.000000] CPUID[0d, 0f]: eax=00000000 ebx=00000000 ecx=00000000 edx=00000000
[    0.000000] CPUID[0d, 10]: eax=00000000 ebx=00000000 ecx=00000000 edx=00000000
[    0.000000] CPUID[0d, 11]: eax=00000000 ebx=00000000 ecx=00000000 edx=00000000
[    0.000000] x86/fpu: xstate_offset[2]:  576, xstate_sizes[2]:  256
[    0.000000] x86/fpu: Supporting XSAVE feature 0x01: 'x87 floating point registers'
[    0.000000] x86/fpu: Supporting XSAVE feature 0x02: 'SSE registers'
[    0.000000] x86/fpu: Supporting XSAVE feature 0x04: 'AVX registers'
[    0.000000] x86/fpu: Enabled xstate features 0x7, context size is 1088 bytes, using 'standard' format.
[    0.000000] x86/fpu: Using 'lazy' FPU context switches.
[    0.000000] e820: BIOS-provided physical RAM map:
[    0.000000] BIOS-e820: [mem 0x0000000000000000-0x000000000009fbff] usable
[    0.000000] BIOS-e820: [mem 0x000000000009fc00-0x000000000009ffff] reserved
[    0.000000] BIOS-e820: [mem 0x00000000000f0000-0x00000000000fffff] reserved
[    0.000000] BIOS-e820: [mem 0x0000000000100000-0x000000003ffeffff] usable
[    0.000000] BIOS-e820: [mem 0x000000003fff0000-0x000000003fffffff] ACPI data
[    0.000000] BIOS-e820: [mem 0x00000000fec00000-0x00000000fec00fff] reserved
[    0.000000] BIOS-e820: [mem 0x00000000fee00000-0x00000000fee00fff] reserved
[    0.000000] BIOS-e820: [mem 0x00000000fffc0000-0x00000000ffffffff] reserved
[    0.000000] NX (Execute Disable) protection: active
[    0.000000] SMBIOS 2.5 present.
[    0.000000] Hypervisor detected: KVM
[    0.000000] e820: last_pfn = 0x3fff0 max_arch_pfn = 0x1000000
[    0.000000] MTRR: Disabled
[    0.000000] x86/PAT: MTRRs disabled, skipping PAT initialization too.
[    0.000000] x86/PAT: Configuration [0-7]: WB  WT  UC- UC  WB  WT  UC- UC  
[    0.000000] CPU MTRRs all blank - virtualized system.
[    0.000000] found SMP MP-table at [mem 0x0009fff0-0x0009ffff] mapped at [c009fff0]
[    0.000000] Scanning 1 areas for low memory corruption
[    0.000000] RAMDISK: [mem 0x3635a000-0x371a4fff]
[    0.000000] ACPI: Early table checksum verification disabled
[    0.000000] ACPI: RSDP 0x00000000000E0000 000024 (v02 VBOX  )
[    0.000000] ACPI: XSDT 0x000000003FFF0030 00003C (v01 VBOX   VBOXXSDT 00000001 ASL  00000061)
[    0.000000] ACPI: FACP 0x000000003FFF00F0 0000F4 (v04 VBOX   VBOXFACP 00000001 ASL  00000061)
[    0.000000] ACPI: DSDT 0x000000003FFF0470 0021C8 (v02 VBOX   VBOXBIOS 00000002 INTL 20100528)
[    0.000000] ACPI: FACS 0x000000003FFF0200 000040
[    0.000000] ACPI: FACS 0x000000003FFF0200 000040
[    0.000000] ACPI: APIC 0x000000003FFF0240 00005C (v02 VBOX   VBOXAPIC 00000001 ASL  00000061)
[    0.000000] ACPI: SSDT 0x000000003FFF02A0 0001CC (v01 VBOX   VBOXCPUT 00000002 INTL 20100528)
[    0.000000] 131MB HIGHMEM available.
[    0.000000] 891MB LOWMEM available.
[    0.000000]   mapped low ram: 0 - 37bfe000
[    0.000000]   low ram: 0 - 37bfe000
[    0.000000] kvm-clock: Using msrs 4b564d01 and 4b564d00
[    0.000000] kvm-clock: cpu 0, msr 0:37bfd001, primary cpu clock
[    0.000000] kvm-clock: using sched offset of 3110741294 cycles
[    0.000000] clocksource: kvm-clock: mask: 0xffffffffffffffff max_cycles: 0x1cd42e4dffb, max_idle_ns: 881590591483 ns
[    0.000000] Zone ranges:
[    0.000000]   DMA      [mem 0x0000000000001000-0x0000000000ffffff]
[    0.000000]   Normal   [mem 0x0000000001000000-0x0000000037bfdfff]
[    0.000000]   HighMem  [mem 0x0000000037bfe000-0x000000003ffeffff]
[    0.000000] Movable zone start for each node
[    0.000000] Early memory node ranges
[    0.000000]   node   0: [mem 0x0000000000001000-0x000000000009efff]
[    0.000000]   node   0: [mem 0x0000000000100000-0x000000003ffeffff]
[    0.000000] Initmem setup node 0 [mem 0x0000000000001000-0x000000003ffeffff]
[    0.000000] Using APIC driver default
[    0.000000] ACPI: PM-Timer IO Port: 0x4008
[    0.000000] IOAPIC[0]: apic_id 2, version 32, address 0xfec00000, GSI 0-23
[    0.000000] ACPI: INT_SRC_OVR (bus 0 bus_irq 0 global_irq 2 dfl dfl)
[    0.000000] ACPI: INT_SRC_OVR (bus 0 bus_irq 9 global_irq 9 high level)
[    0.000000] Using ACPI (MADT) for SMP configuration information
[    0.000000] smpboot: Allowing 2 CPUs, 0 hotplug CPUs
[    0.000000] PM: Registered nosave memory: [mem 0x00000000-0x00000fff]
[    0.000000] PM: Registered nosave memory: [mem 0x0009f000-0x0009ffff]
[    0.000000] PM: Registered nosave memory: [mem 0x000a0000-0x000effff]
[    0.000000] PM: Registered nosave memory: [mem 0x000f0000-0x000fffff]
[    0.000000] e820: [mem 0x40000000-0xfebfffff] available for PCI devices
[    0.000000] Booting paravirtualized kernel on KVM
[    0.000000] clocksource: refined-jiffies: mask: 0xffffffff max_cycles: 0xffffffff, max_idle_ns: 7645519600211568 ns
[    0.000000] setup_percpu: NR_CPUS:8 nr_cpumask_bits:8 nr_cpu_ids:2 nr_node_ids:1
[    0.000000] PERCPU: Embedded 19 pages/cpu @f71b0000 s47436 r0 d30388 u77824
[    0.000000] PV qspinlock hash table entries: 512 (order: 0, 4096 bytes)
[    0.000000] Built 1 zonelists in Zone order, mobility grouping on.  Total pages: 259800
[    0.000000] Kernel command line: BOOT_IMAGE=/boot/vmlinuz-4.4.0-78-generic root=UUID=ac862801-9510-4755-90c6-318d13bc7e6d ro console=tty1 console=ttyS0
[    0.000000] PID hash table entries: 4096 (order: 2, 16384 bytes)
[    0.000000] Dentry cache hash table entries: 131072 (order: 7, 524288 bytes)
[    0.000000] Inode-cache hash table entries: 65536 (order: 6, 262144 bytes)
[    0.000000] Initializing CPU#0
[    0.000000] Initializing HighMem for node 0 (00037bfe:0003fff0)
[    0.000000] Initializing Movable for node 0 (00000000:00000000)
[    0.000000] Memory: 1008308K/1048120K available (7958K kernel code, 766K rwdata, 3164K rodata, 940K init, 800K bss, 39812K reserved, 0K cma-reserved, 135112K highmem)
[    0.000000] virtual kernel memory layout:
[    0.000000]     fixmap  : 0xfff15000 - 0xfffff000   ( 936 kB)
[    0.000000]     pkmap   : 0xffc00000 - 0xffe00000   (2048 kB)
[    0.000000]     vmalloc : 0xf83fe000 - 0xffbfe000   ( 120 MB)
[    0.000000]     lowmem  : 0xc0000000 - 0xf7bfe000   ( 891 MB)
[    0.000000]       .init : 0xc1b9f000 - 0xc1c8a000   ( 940 kB)
[    0.000000]       .data : 0xc17c5b8b - 0xc1b9db40   (3935 kB)
[    0.000000]       .text : 0xc1000000 - 0xc17c5b8b   (7958 kB)
[    0.000000] Checking if this processor honours the WP bit even in supervisor mode...Ok.
[    0.000000] SLUB: HWalign=64, Order=0-3, MinObjects=0, CPUs=2, Nodes=1
[    0.000000] Hierarchical RCU implementation.
[    0.000000] 	Build-time adjustment of leaf fanout to 32.
[    0.000000] 	RCU restricting CPUs from NR_CPUS=8 to nr_cpu_ids=2.
[    0.000000] RCU: Adjusting geometry for rcu_fanout_leaf=32, nr_cpu_ids=2
[    0.000000] NR_IRQS:2304 nr_irqs:440 16
[    0.000000] Console: colour VGA+ 80x25
[    0.000000] console [tty1] enabled
[    0.000000] console [ttyS0] enabled
[    0.000000] allocated 1048576 bytes of page_ext
[    0.000000] tsc: Detected 2712.000 MHz processor
[    5.593762] Calibrating delay loop (skipped) preset value.. 5424.00 BogoMIPS (lpj=10848000)
[    5.757311] pid_max: default: 32768 minimum: 301
[    5.844445] ACPI: Core revision 20150930
[    5.866366] ACPI: 2 ACPI AML tables successfully acquired and loaded
[    5.890123] Security Framework initialized
[    5.898086] Yama: becoming mindful.
[    5.913169] AppArmor: AppArmor initialized
[    5.951870] Mount-cache hash table entries: 2048 (order: 1, 8192 bytes)
[    6.006914] Mountpoint-cache hash table entries: 2048 (order: 1, 8192 bytes)
[    6.025299] Initializing cgroup subsys io
[    6.073625] Initializing cgroup subsys memory
[    6.147168] Initializing cgroup subsys devices
[    6.247916] Initializing cgroup subsys freezer
[    6.288485] Initializing cgroup subsys net_cls
[    6.321893] Initializing cgroup subsys perf_event
[    6.372783] Initializing cgroup subsys net_prio
[    6.413875] Initializing cgroup subsys hugetlb
[    6.436921] Initializing cgroup subsys pids
[    6.453943] CPU: Physical Processor ID: 0
[    6.456508] CPU: Processor Core ID: 0
[    6.471313] mce: CPU supports 0 MCE banks
[    6.476277] Last level iTLB entries: 4KB 64, 2MB 8, 4MB 8
[    6.491448] Last level dTLB entries: 4KB 64, 2MB 0, 4MB 0, 1GB 4
[    6.498560] Freeing SMP alternatives memory: 28K (c1c8a000 - c1c91000)
[    6.545175] ftrace: allocating 31402 entries in 62 pages
[    6.599679] smpboot: APIC(0) Converting physical 0 to logical package 0
[    6.623514] smpboot: Max logical packages: 1
[    6.657011] Enabling APIC mode:  Flat.  Using 1 I/O APICs
[    6.669828] ..TIMER: vector=0x30 apic1=0 pin1=2 apic2=-1 pin2=-1
[    6.790286] smpboot: CPU0: Intel(R) Core(TM) i5-7200U CPU @ 2.50GHz (family: 0x6, model: 0x8e, stepping: 0x9)
[    6.901011] Performance Events: unsupported p6 CPU model 142 no PMU driver, software events only.
[    6.947978] KVM setup paravirtual spinlock
[    6.978484] x86: Booting SMP configuration:
[    6.992492] .... node  #0, CPUs:      #1
[1266874886.598810] Initializing CPU#1
[    7.001097] kvm-clock: cpu 1, msr 0:37bfd041, secondary cpu clock
[    7.018411] mce: CPU supports 0 MCE banks
[    7.027658] x86: Booted up 1 node, 2 CPUs
[    7.057232] smpboot: Total of 2 processors activated (10848.00 BogoMIPS)
[    7.126263] devtmpfs: initialized
[    7.142924] evm: security.selinux
[    7.153253] evm: security.SMACK64
[    7.171522] evm: security.SMACK64EXEC
[    7.231430] evm: security.SMACK64TRANSMUTE
[    7.239820] evm: security.SMACK64MMAP
[    7.272900] evm: security.ima
[    7.305826] evm: security.capability
[    7.368806] clocksource: jiffies: mask: 0xffffffff max_cycles: 0xffffffff, max_idle_ns: 7645041785100000 ns
[    7.461310] futex hash table entries: 512 (order: 3, 32768 bytes)
[    7.473448] pinctrl core: initialized pinctrl subsystem
[    7.482096] RTC time:  1:38:17, date: 05/25/17
[    7.485431] NET: Registered protocol family 16
[    7.500746] EISA bus registered
[    7.531133] cpuidle: using governor ladder
[    7.559603] cpuidle: using governor menu
[    7.611940] PCCT header not found.
[    7.645218] ACPI: bus type PCI registered
[    7.691718] acpiphp: ACPI Hot Plug PCI Controller Driver version: 0.5
[    7.716069] PCI : PCI BIOS area is rw and x. Use pci=nobios if you want it NX.
[    7.779629] PCI: PCI BIOS revision 2.10 entry at 0xfda26, last bus=0
[    7.823021] PCI: Using configuration type 1 for base access
[    7.892110] ACPI: Added _OSI(Module Device)
[    7.923651] ACPI: Added _OSI(Processor Device)
[    7.979430] ACPI: Added _OSI(3.0 _SCP Extensions)
[    8.006363] ACPI: Added _OSI(Processor Aggregator Device)
[    8.024400] ACPI: Executed 1 blocks of module-level executable AML code
[    8.044541] ACPI: Interpreter enabled
[    8.046435] ACPI: (supports S0 S5)
[    8.098488] ACPI: Using IOAPIC for interrupt routing
[    8.132311] PCI: Using host bridge windows from ACPI; if necessary, use "pci=nocrs" and report a bug
[    8.170128] ACPI: PCI Root Bridge [PCI0] (domain 0000 [bus 00-ff])
[    8.235473] acpi PNP0A03:00: _OSC: OS supports [ASPM ClockPM Segments MSI]
[    8.258303] acpi PNP0A03:00: _OSC failed (AE_NOT_FOUND); disabling ASPM
[    8.355511] acpi PNP0A03:00: fail to add MMCONFIG information, can't access extended PCI configuration space under this bridge.
[    8.423332] PCI host bridge to bus 0000:00
[    8.483054] pci_bus 0000:00: root bus resource [io  0x0000-0x0cf7 window]
[    8.546882] pci_bus 0000:00: root bus resource [io  0x0d00-0xffff window]
[    8.602975] pci_bus 0000:00: root bus resource [mem 0x000a0000-0x000bffff window]
[    8.608011] pci_bus 0000:00: root bus resource [mem 0x40000000-0xffdfffff window]
[    8.609959] pci_bus 0000:00: root bus resource [bus 00-ff]
[    8.629373] pci 0000:00:01.1: legacy IDE quirk: reg 0x10: [io  0x01f0-0x01f7]
[    8.641447] pci 0000:00:01.1: legacy IDE quirk: reg 0x14: [io  0x03f6]
[    8.734033] pci 0000:00:01.1: legacy IDE quirk: reg 0x18: [io  0x0170-0x0177]
[    8.835457] pci 0000:00:01.1: legacy IDE quirk: reg 0x1c: [io  0x0376]
[    8.945026] pci 0000:00:07.0: quirk: [io  0x4000-0x403f] claimed by PIIX4 ACPI
[    8.999320] pci 0000:00:07.0: quirk: [io  0x4100-0x410f] claimed by PIIX4 SMB
[    9.095724] ACPI: PCI Interrupt Link [LNKA] (IRQs 5 9 10 *11)
[    9.176568] ACPI: PCI Interrupt Link [LNKB] (IRQs 5 9 10 *11)
[    9.221494] ACPI: PCI Interrupt Link [LNKC] (IRQs 5 9 *10 11)
[    9.275778] ACPI: PCI Interrupt Link [LNKD] (IRQs 5 *9 10 11)
[    9.316243] ACPI: Enabled 2 GPEs in block 00 to 07
[    9.372316] vgaarb: setting as boot device: PCI:0000:00:02.0
[    9.423899] vgaarb: device added: PCI:0000:00:02.0,decodes=io+mem,owns=io+mem,locks=none
[    9.488265] vgaarb: loaded
[    9.522277] vgaarb: bridge control possible 0000:00:02.0
[    9.577860] SCSI subsystem initialized
[    9.632209] ACPI: bus type USB registered
[    9.640272] usbcore: registered new interface driver usbfs
[    9.641250] usbcore: registered new interface driver hub
[    9.642290] usbcore: registered new device driver usb
[    9.661635] PCI: Using ACPI for IRQ routing
[    9.705784] NetLabel: Initializing
[    9.758407] NetLabel:  domain hash size = 128
[    9.829881] NetLabel:  protocols = UNLABELED CIPSOv4
[    9.832266] NetLabel:  unlabeled traffic allowed by default
[    9.833300] amd_nb: Cannot enumerate AMD northbridges
[    9.834124] clocksource: Switched to clocksource kvm-clock
[    9.843856] AppArmor: AppArmor Filesystem Enabled
[    9.893963] pnp: PnP ACPI init
[    9.970846] pnp: PnP ACPI: found 3 devices
[   10.049320] PnPBIOS: Disabled by ACPI PNP
[   10.118789] clocksource: acpi_pm: mask: 0xffffff max_cycles: 0xffffff, max_idle_ns: 2085701024 ns
[   10.313380] NET: Registered protocol family 2
[   10.402457] TCP established hash table entries: 8192 (order: 3, 32768 bytes)
[   10.551167] TCP bind hash table entries: 8192 (order: 4, 65536 bytes)
[   10.664846] TCP: Hash tables configured (established 8192 bind 8192)
[   10.698840] UDP hash table entries: 512 (order: 2, 16384 bytes)
[   10.713352] UDP-Lite hash table entries: 512 (order: 2, 16384 bytes)
[   10.716033] NET: Registered protocol family 1
[   10.719137] pci 0000:00:00.0: Limiting direct PCI/PCI transfers
[   10.738990] pci 0000:00:01.0: Activating ISA DMA hang workarounds
[   10.762954] Unpacking initramfs...
[   11.022095] Freeing initrd memory: 14636K (f635a000 - f71a5000)
[   11.060927] platform rtc_cmos: registered platform RTC device (no PNP device found)
[   11.074558] Scanning for low memory corruption every 60 seconds
[   11.078510] audit: initializing netlink subsys (disabled)
[   11.214748] audit: type=2000 audit(1495676296.558:1): initialized
[   11.298137] Initialise system trusted keyring
[   11.325697] HugeTLB registered 2 MB page size, pre-allocated 0 pages
[   11.439477] zbud: loaded
[   11.470497] VFS: Disk quotas dquot_6.6.0
[   11.570830] VFS: Dquot-cache hash table entries: 1024 (order 0, 4096 bytes)
[   11.631146] squashfs: version 4.0 (2009/01/31) Phillip Lougher
[   11.679215] fuse init (API version 7.23)
[   11.698454] Key type big_key registered
[   11.699355] Allocating IMA MOK and blacklist keyrings.
[   11.701616] Key type asymmetric registered
[   11.713965] Asymmetric key parser 'x509' registered
[   11.721928] bounce: pool size: 64 pages
[   11.749395] Block layer SCSI generic (bsg) driver version 0.4 loaded (major 249)
[   11.766234] io scheduler noop registered
[   11.773784] io scheduler deadline registered (default)
[   11.778171] io scheduler cfq registered
[   11.782465] pci_hotplug: PCI Hot Plug PCI Core version: 0.5
[   11.790907] pciehp: PCI Express Hot Plug Controller Driver version: 0.4
[   11.798038] ACPI: AC Adapter [AC] (off-line)
[   11.801645] input: Power Button as /devices/LNXSYSTM:00/LNXPWRBN:00/input/input0
[   11.812275] ACPI: Power Button [PWRF]
[   11.815338] input: Sleep Button as /devices/LNXSYSTM:00/LNXSLPBN:00/input/input1
[   11.829346] ACPI: Sleep Button [SLPF]
[   11.834244] GHES: HEST is not enabled!
[   11.839462] ACPI: Battery Slot [BAT0] (battery present)
[   11.840812] isapnp: Scanning for PnP cards...
[   11.840887] Serial: 8250/16550 driver, 32 ports, IRQ sharing enabled
[   11.863469] 00:02: ttyS0 at I/O 0x3f8 (irq = 4, base_baud = 115200) is a 16550A
[   11.934468] Linux agpgart interface v0.103
[   11.939700] loop: module loaded
[   11.940367] scsi host0: ata_piix
[   11.940550] scsi host1: ata_piix
[   11.940586] ata1: PATA max UDMA/33 cmd 0x1f0 ctl 0x3f6 bmdma 0xd000 irq 14
[   11.940587] ata2: PATA max UDMA/33 cmd 0x170 ctl 0x376 bmdma 0xd008 irq 15
[   11.940666] libphy: Fixed MDIO Bus: probed
[   11.940668] tun: Universal TUN/TAP device driver, 1.6
[   11.940669] tun: (C) 1999-2004 Max Krasnyansky <maxk@qualcomm.com>
[   11.940985] PPP generic driver version 2.4.2
[   11.941040] ehci_hcd: USB 2.0 'Enhanced' Host Controller (EHCI) Driver
[   11.941044] ehci-pci: EHCI PCI platform driver
[   11.941052] ehci-platform: EHCI generic platform driver
[   11.941060] ohci_hcd: USB 1.1 'Open' Host Controller (OHCI) Driver
[   11.941062] ohci-pci: OHCI PCI platform driver
[   11.941071] ohci-platform: OHCI generic platform driver
[   11.941078] uhci_hcd: USB Universal Host Controller Interface driver
[   11.941130] i8042: PNP: PS/2 Controller [PNP0303:PS2K,PNP0f03:PS2M] at 0x60,0x64 irq 1,12
[   11.941636] serio: i8042 KBD port at 0x60,0x64 irq 1
[   11.941639] serio: i8042 AUX port at 0x60,0x64 irq 12
[   11.941753] mousedev: PS/2 mouse device common for all mice
[   11.942058] input: AT Translated Set 2 keyboard as /devices/platform/i8042/serio0/input/input2
[   11.942407] rtc_cmos rtc_cmos: rtc core: registered rtc_cmos as rtc0
[   11.942464] rtc_cmos rtc_cmos: alarms up to one day, 114 bytes nvram
[   11.942470] i2c /dev entries driver
[   11.942518] device-mapper: uevent: version 1.0.3
[   11.942569] device-mapper: ioctl: 4.34.0-ioctl (2015-10-28) initialised: dm-devel@redhat.com
[   11.942590] platform eisa.0: Probing EISA bus 0
[   11.942592] platform eisa.0: EISA: Cannot allocate resource for mainboard
[   11.942593] platform eisa.0: Cannot allocate resource for EISA slot 1
[   11.942594] platform eisa.0: Cannot allocate resource for EISA slot 2
[   11.942595] platform eisa.0: Cannot allocate resource for EISA slot 3
[   11.942596] platform eisa.0: Cannot allocate resource for EISA slot 4
[   11.942597] platform eisa.0: Cannot allocate resource for EISA slot 5
[   11.942598] platform eisa.0: Cannot allocate resource for EISA slot 6
[   11.942599] platform eisa.0: Cannot allocate resource for EISA slot 7
[   11.942600] platform eisa.0: Cannot allocate resource for EISA slot 8
[   11.942601] platform eisa.0: EISA: Detected 0 cards
[   11.942619] cpufreq-nforce2: No nForce2 chipset.
[   11.942628] ledtrig-cpu: registered to indicate activity on CPUs
[   11.942864] NET: Registered protocol family 10
[   11.943032] NET: Registered protocol family 17
[   11.943043] Key type dns_resolver registered
[   11.948262] microcode: CPU0 sig=0x806e9, pf=0x8, revision=0x0
[   11.948272] microcode: CPU1 sig=0x806e9, pf=0x8, revision=0x0
[   11.948313] microcode: Microcode Update Driver: v2.01 <tigran@aivazian.fsnet.co.uk>, Peter Oruba
[   11.948324] Using IPI No-Shortcut mode
[   11.948436] registered taskstats version 1
[   11.948450] Loading compiled-in X.509 certificates
[   11.951200] Loaded X.509 cert 'Build time autogenerated kernel key: 7f7b4bf893129cf83296a565b7f3c803766a0f60'
[   11.951223] zswap: loaded using pool lzo/zbud
[   11.952991] Key type trusted registered
[   11.955913] Key type encrypted registered
[   11.955919] AppArmor: AppArmor sha1 policy hashing enabled
[   11.955922] ima: No TPM chip found, activating TPM-bypass!
[   11.955943] evm: HMAC attrs: 0x1
[   11.956221]   Magic number: 1:556:610
[   11.961870] rtc_cmos rtc_cmos: setting system clock to 2017-05-25 01:38:22 UTC (1495676302)
[   11.961969] BIOS EDD facility v0.16 2004-Jun-25, 0 devices found
[   11.961970] EDD information not available.
[   12.070266] tsc: Refined TSC clocksource calibration: 2713.424 MHz
[   12.070268] clocksource: tsc: mask: 0xffffffffffffffff max_cycles: 0x271cc781862, max_idle_ns: 440795307485 ns
[   14.052925] isapnp: No Plug & Play device found
[   14.130661] Freeing unused kernel memory: 940K (c1b9f000 - c1c8a000)
[   14.232718] Write protecting the kernel text: 7960k
[   14.305256] Write protecting the kernel read-only data: 3168k
[   14.389461] NX-protecting the kernel data: 6376k
Loading, please [   14.473044] random: systemd-udevd: uninitialized urandom read (16 bytes read, 2 bits of entropy available)
wait...
startin[   14.473512] random: udevadm: uninitialized urandom read (16 bytes read, 2 bits of entropy available)
g version 229
[   14.473550] random: udevadm: uninitialized urandom read (16 bytes read, 2 bits of entropy available)
[   14.473681] random: udevadm: uninitialized urandom read (16 bytes read, 2 bits of entropy available)
[   14.473722] random: udevadm: uninitialized urandom read (16 bytes read, 2 bits of entropy available)
[   14.473760] random: udevadm: uninitialized urandom read (16 bytes read, 2 bits of entropy available)
[   14.473803] random: udevadm: uninitialized urandom read (16 bytes read, 2 bits of entropy available)
[   14.473842] random: udevadm: uninitialized urandom read (16 bytes read, 2 bits of entropy available)
[   14.473879] random: udevadm: uninitialized urandom read (16 bytes read, 2 bits of entropy available)
[   14.473918] random: udevadm: uninitialized urandom read (16 bytes read, 2 bits of entropy available)
[   14.958178] e1000: Intel(R) PRO/1000 Network Driver - version 7.3.21-k8-NAPI
[   14.996445] e1000: Copyright (c) 1999-2006 Intel Corporation.
[   15.000913] Fusion MPT base driver 3.04.20
[   15.007941] Copyright (c) 1999-2008 LSI Corporation
[   15.022135] Fusion MPT SPI Host driver 3.04.20
[   15.251561] input: ImExPS/2 Generic Explorer Mouse as /devices/platform/i8042/serio1/input/input4
[   15.434857] e1000 0000:00:03.0 eth0: (PCI:33MHz:32-bit) 02:3e:d3:d5:ac:89
[   15.607087] e1000 0000:00:03.0 eth0: Intel(R) PRO/1000 Network Connection
[   15.690868] mptbase: ioc0: Initiating bringup
[   15.691028] e1000 0000:00:03.0 enp0s3: renamed from eth0
[   15.758640] ioc0: LSI53C1030 A0: Capabilities={Initiator}
[   16.036892] scsi host2: ioc0: LSI53C1030 A0, FwRev=00000000h, Ports=1, MaxQ=256, IRQ=20
[   16.247126] scsi 2:0:0:0: Direct-Access     VBOX     HARDDISK         1.0  PQ: 0 ANSI: 5
[   16.343906] scsi target2:0:0: Beginning Domain Validation
[   16.411304] scsi target2:0:0: Domain Validation skipping write tests
[   16.474098] scsi target2:0:0: Ending Domain Validation
[   16.534301] scsi target2:0:0: asynchronous
[   16.586542] scsi 2:0:1:0: Direct-Access     VBOX     HARDDISK         1.0  PQ: 0 ANSI: 5
[   16.738063] scsi target2:0:1: Beginning Domain Validation
[   16.792702] scsi target2:0:1: Domain Validation skipping write tests
[   16.869939] scsi target2:0:1: Ending Domain Validation
[   16.946094] scsi target2:0:1: asynchronous
[   16.979803] sd 2:0:0:0: Attached scsi generic sg0 type 0
[   17.014472] sd 2:0:0:0: [sda] 20971520 512-byte logical blocks: (10.7 GB/10.0 GiB)
[   17.014486] sd 2:0:1:0: [sdb] 20480 512-byte logical blocks: (10.5 MB/10.0 MiB)
[   17.014608] sd 2:0:1:0: [sdb] Write Protect is off
[   17.014686] sd 2:0:1:0: [sdb] Incomplete mode parameter data
[   17.014687] sd 2:0:1:0: [sdb] Assuming drive cache: write through
[   17.014729] sd 2:0:1:0: Attached scsi generic sg1 type 0
[   17.017570] sd 2:0:1:0: [sdb] Attached SCSI disk
[   17.454985] sd 2:0:0:0: [sda] Write Protect is off
[   17.459059] sd 2:0:0:0: [sda] Incomplete mode parameter data
[   17.459893] sd 2:0:0:0: [sda] Assuming drive cache: write through
[   17.462741]  sda: sda1
[   17.494934] sd 2:0:0:0: [sda] Attached SCSI disk
[   18.022606] floppy0: no floppy controllers found
Begin: Loading e[   19.431104] md: linear personality registered for level -1
ssential drivers[   19.511095] md: multipath personality registered for level -4
 ... [   19.590432] md: raid0 personality registered for level 0
[   19.651511] md: raid1 personality registered for level 1
[   19.770851] raid6: mmxx1    gen()  6204 MB/s
[   19.890985] raid6: mmxx2    gen()  6325 MB/s
[   20.018224] raid6: sse1x1   gen()  5450 MB/s
[   20.138500] raid6: sse1x2   gen()  6221 MB/s
[   20.266817] raid6: sse2x1   gen()  8989 MB/s
[   20.386298] raid6: sse2x1   xor()  7888 MB/s
[   20.506884] raid6: sse2x2   gen() 13218 MB/s
[   20.594143] raid6: sse2x2   xor()  8836 MB/s
[   20.646915] raid6: using algorithm sse2x2 gen() 13218 MB/s
[   20.706155] raid6: .... xor() 8836 MB/s, rmw enabled
[   20.762876] raid6: using ssse3x1 recovery algorithm
[   20.807158] xor: automatically using best checksumming function:
[   20.854522]    avx       : 21720.000 MB/sec
[   20.892388] async_tx: api initialized (async)
[   20.962395] md: raid6 personality registered for level 6
[   21.032547] md: raid5 personality registered for level 5
[   21.095264] md: raid4 personality registered for level 4
[   21.171093] md: raid10 personality registered for level 10
done.
Begin: Running /scripts/init-premount ... done.
Begin: Mounting root file system ... Begin: Running /scripts/local-top ... done.
Begin: Running /scripts/local-premount ... [   21.268783] Btrfs loaded
Scanning for Btrfs filesystems
done.
Warning: fsck no[   21.312574] EXT4-fs (sda1): mounted filesystem with ordered data mode. Opts: (null)
t present, so skipping root file system
done.
Begin: Running /scripts/local-bottom ... done.
Begin: Running /scripts/init-bottom ... done.
[   21.481201] systemd[1]: systemd 229 running in system mode. (+PAM +AUDIT +SELINUX +IMA +APPARMOR +SMACK +SYSVINIT +UTMP +LIBCRYPTSETUP +GCRYPT +GNUTLS +ACL +XZ -LZ4 +SECCOMP +BLKID +ELFUTILS +KMOD -IDN)
[   21.855115] systemd[1]: Detected virtualization oracle.
[   21.919264] systemd[1]: Detected architecture x86.

Welcome to [1mUbuntu 16.04.2 LTS[0m!

[   22.105236] systemd[1]: Set hostname to <ubuntu-xenial>.
[   22.376729] systemd[1]: Listening on LVM2 metadata daemon socket.
[[0;32m  OK  [0m] Listening on LVM2 metadata daemon socket.
[   22.526513] systemd[1]: Listening on /dev/initctl Compatibility Named Pipe.
[[0;32m  OK  [0m] Listening on /dev/initctl Compatibility Named Pipe.
[   22.707848] systemd[1]: Started Forward Password Requests to Wall Directory Watch.
[[0;32m  OK  [0m] Started Forward Password Requests to Wall Directory Watch.
[   22.924114] systemd[1]: Set up automount Arbitrary Executable File Formats File System Automount Point.
[[0;32m  OK  [0m] Set up automount Arbitrary Executab...ats File System Automount Point.
[   23.202922] systemd[1]: Listening on Journal Socket (/dev/log).
[[0;32m  OK  [0m] Listening on Journal Socket (/dev/log).
[   23.379208] systemd[1]: Listening on LVM2 poll daemon socket.
[[0;32m  OK  [0m] Listening on LVM2 poll daemon socket.
[   23.418821] systemd[1]: Listening on Syslog Socket.
[[0;32m  OK  [0m] Listening on Syslog Socket.
[   23.502942] systemd[1]: Listening on Device-mapper event daemon FIFOs.
[[0;32m  OK  [0m] Listening on Device-mapper event daemon FIFOs.
[   23.667973] systemd[1]: Reached target User and Group Name Lookups.
[[0;32m  OK  [0m] Reached target User and Group Name Lookups.
[   23.862935] systemd[1]: Started Trigger resolvconf update for networkd DNS.
[[0;32m  OK  [0m] Started Trigger resolvconf update for networkd DNS.
[   24.124396] systemd[1]: Created slice System Slice.
[[0;32m  OK  [0m] Created slice System Slice.
[   24.288641] systemd[1]: Created slice system-serial\x2dgetty.slice.
[[0;32m  OK  [0m] Created slice system-serial\x2dgetty.slice.
[   24.485222] systemd[1]: Listening on udev Kernel Socket.
[[0;32m  OK  [0m] Listening on udev Kernel Socket.
[   24.624277] systemd[1]: Created slice system-postgresql.slice.
[[0;32m  OK  [0m] Created slice system-postgresql.slice.
[   24.803470] systemd[1]: Listening on udev Control Socket.
[[0;32m  OK  [0m] Listening on udev Control Socket.
[   24.874824] systemd[1]: Listening on Journal Socket.
[[0;32m  OK  [0m] Listening on Journal Socket.
[   24.922436] systemd[1]: Starting Uncomplicated firewall...
         Starting Uncomplicated firewall...
[   25.014287] systemd[1]: Mounting Huge Pages File System...
[   25.016362] random: nonblocking pool is initialized
         Mounting Huge Pages File System...
[   25.183150] systemd[1]: Starting Monitoring of LVM2 mirrors, snapshots etc. using dmeventd or progress polling...
         Starting Monitoring of LVM2 mirrors... dmeventd or progress polling...
[   25.379495] systemd[1]: Starting Remount Root and Kernel File Systems...
[   25.389944] EXT4-fs (sda1): re-mounted. Opts: (null)
         Starting Remount Root and Kernel File Systems...
[   25.530262] systemd[1]: Mounting Debug File System...
         Mounting Debug File System...
[   25.630319] systemd[1]: Starting Load Kernel Modules...
[   25.698764] Loading iSCSI transport class v2.0-870.
         Startin[   25.714052] iscsi: registered transport (tcp)
g Load Kernel Modules...
[   25.774364] systemd[1]: Starting Create list of required static device nodes for the current kernel...
         Startin[   26.036118] iscsi: registered transport (iser)
g Create list of required st... nodes for the current kernel...
[   26.075019] systemd[1]: Reached target Swap.
[[0;32m  OK  [0m] Reached target Swap.
[   26.206977] systemd[1]: Created slice User and Session Slice.
[[0;32m  OK  [0m] Created slice User and Session Slice.
[   26.427180] systemd[1]: Reached target Slices.
[[0;32m  OK  [0m] Reached target Slices.
[   26.562634] systemd[1]: Starting Nameserver information manager...
         Starting Nameserver information manager...
[   26.718665] systemd[1]: Starting Set console keymap...
         Starting Set console keymap...
[   26.815254] systemd[1]: Listening on Journal Audit Socket.
[[0;32m  OK  [0m] Listening on Journal Audit Socket.
[   26.926515] systemd[1]: Starting Journal Service...
         Starting Journal Service...
[   26.994712] systemd[1]: Mounting POSIX Message Queue File System...
         Mounting POSIX Message Queue File System...
[   27.074442] systemd[1]: Reached target Encrypted Volumes.
[[0;32m  OK  [0m] Reached target Encrypted Volumes.
[   27.144485] systemd[1]: Mounted Debug File System.
[[0;32m  OK  [0m] Mounted Debug File System.
[   27.251216] systemd[1]: Mounted Huge Pages File System.
[[0;32m  OK  [0m] Mounted Huge Pages File System.
[   27.406746] systemd[1]: Mounted POSIX Message Queue File System.
[[0;32m  OK  [0m] Mounted POSIX Message Queue File System.
[   27.475062] systemd[1]: Started Journal Service.
[[0;32m  OK  [0m] Started Journal Service.
[[0;32m  OK  [0m] Started Uncomplicated firewall.
[[0;32m  OK  [0m] Started Remount Root and Kernel File Systems.
[[0;32m  OK  [0m] Started Load Kernel Modules.
[[0;32m  OK  [0m] Started Create list of required sta...ce nodes for the current kernel.
[[0;32m  OK  [0m] Started Set console keymap.
[[0;32m  OK  [0m] Started Nameserver information manager.
[[0;32m  OK  [0m] Started LVM2 metadata daemon.
         Starting Create Static Device Nodes in /dev...
         Starting Apply Kernel Variables...
         Mounting FUSE Control File System...
         Starting Load/Save Random Seed...
         Starting Initial cloud-init job (pre-networking)...
         Starting udev Coldplug all Devices...
         Starting Flush Journal to Persistent Storage...
[[0;32m  OK  [0m] Mounted FUSE Control File System.
[[0;32m  OK  [0m] Started Create Static Device Nodes in /dev.
[[0;32m  OK  [0m] Started Apply Kernel Variables.
[[0;32m  OK  [0m] Started Load/Save Random Seed.
[[0;32m  OK  [0m] Started udev Coldplug all Devices.
[[0;32m  OK  [0m] Started Monitoring of LVM2 mirrors,...ng dmeventd or progress polling.
[[0;32m  OK  [0m] Started Flush Journal to Persistent Storage.
         Starting udev Kernel Device Manager...
[[0;32m  OK  [0m] Started udev Kernel Device Manager.
[[0;32m  OK  [0m] Reached target Local File Systems (Pre).
[[0;32m  OK  [0m] Reached target Local File Systems.
         Starting Set console font and keymap...
         Starting Create Volatile Files and Directories...
         Starting Tell Plymouth To Write Out Runtime Data...
         Starting LSB: AppArmor initialization...
[[0;32m  OK  [0m] Started Dispatch Password Requests to Console Directory Watch.
[[0;32m  OK  [0m] Started Create Volatile Files and Directories.
[[0;32m  OK  [0m] Started Tell Plymouth To Write Out Runtime Data.
         Starting Update UTMP about System Boot/Shutdown...
[[0;32m  OK  [0m] Reached target System Time Synchronized.
[[0;32m  OK  [0m] Started LSB: AppArmor initialization.
[[0;32m  OK  [0m] Started Update UTMP about System Boot/Shutdown.
[[0;32m  OK  [0m] Started Set console font and keymap.
[[0;32m  OK  [0m] Found device /dev/ttyS0.
[[0;32m  OK  [0m] Created slice system-getty.slice.
[[0;32m  OK  [0m] Listening on Load/Save RF Kill Switch Status /dev/rfkill Watch.
[   20.122686] cloud-init[453]: Cloud-init v. 0.7.9 running 'init-local' at Thu, 25 May 2017 01:38:39 +0000. Up 19.76 seconds.
[[0;32m  OK  [0m] Found device 82540EM Gigabit Ethern...r (PRO/1000 MT Desktop Adapter).
[[0;32m  OK  [0m] Started Initial cloud-init job (pre-networking).
[[0;32m  OK  [0m] Reached target Network (Pre).
         Starting Raise network interfaces...
[[0;32m  OK  [0m] Started ifup for enp0s3.
[[0;32m  OK  [0m] Started Raise network interfaces.
         Starting Initial cloud-init job (metadata service crawler)...
[[0;32m  OK  [0m] Reached target Network.
[   23.539980] cloud-init[960]: Cloud-init v. 0.7.9 running 'init' at Thu, 25 May 2017 01:38:43 +0000. Up 23.28 seconds.
[   23.551617] cloud-init[960]: ci-info: +++++++++++++++++++++++++++++++++++++Net device info++++++++++++++++++++++++++++++++++++++
[   23.556746] cloud-init[960]: ci-info: +--------+------+----------------------------+---------------+-------+-------------------+
[   23.693580] cloud-init[960]: ci-info: | Device |  Up  |          Address           |      Mask     | Scope |     Hw-Address    |
[[0;32m  OK  [0m] Started Initial cloud-init job (metadata service crawler).
[   23.761905] cloud-init[960]: ci-info: +--------+------+----------------------------+---------------+-------+-------------------+
[   23.771103] cloud-init[960]: ci-info: |   lo   | True |         127.0.0.1          |   255.0.0.0   |   .   |         .         |
[[0;32m  OK  [0m] Reached target System Initialization.
[   23.771205] cloud-init[960]: ci-info: |   lo   | True |          ::1/128           |       .       |  host |         .         |
[   24.141607] cloud-init[960]: ci-info: | enp0s3 | True |         10.0.2.15          | 255.255.255.0 |   .   | 02:3e:d3:d5:ac:89 |
[[0;32m  OK  [0m] Started ACPI Events Check.
[   24.142181] cloud-init[960]: ci-info: | enp0s3 | True | fe80::3e:d3ff:fed5:ac89/64 |       .       |  link | 02:3e:d3:d5:ac:89 |
[   24.328544] cloud-init[960]: ci-info: +--------+------+----------------------------+---------------+-------+-------------------+
[   24.328938] cloud-init[960]: ci-info: +++++++++++++++++++++++++++Route IPv4 info++++++++++++++++++++++++++++
[[0;32m  OK  [0m] Reached target Paths.
[   24.329129] cloud-init[960]: ci-info: +-------+-------------+----------+---------------+-----------+-------+
[   24.744676] cloud-init[960]: ci-info: | Route | Destination | Gateway  |    Genmask    | Interface | Flags |
[   24.745663] cloud-init[960]: ci-info: +-------+-------------+----------+---------------+-----------+-------+
[[0;32m  OK  [0m] Started Timer to automatically refresh installed snaps.
[   24.746139] cloud-init[960]: ci-info: |   0   |   0.0.0.0   | 10.0.2.2 |    0.0.0.0    |   enp0s3  |   UG  |
[   24.844304] cloud-init[960]: ci-info: |   1   |   10.0.2.0  | 0.0.0.0  | 255.255.255.0 |   enp0s3  |   U   |
[   24.844632] cloud-init[960]: ci-info: +-------+-------------+----------+---------------+-----------+-------+
[[0;32m  OK  [0m] Listening on UUID daemon activation socket.
         Starting LXD - unix socket.
[[0;32m  OK  [0m] Started Daily Cleanup of Temporary Directories.
[[0;32m  OK  [0m] Listening on ACPID Listen Socket.
         Starting Socket activation for snappy daemon.
[[0;32m  OK  [0m] Started Daily apt activities.
[[0;32m  OK  [0m] Reached target Timers.
[[0;32m  OK  [0m] Listening on D-Bus System Message Bus Socket.
[[0;32m  OK  [0m] Reached target Cloud-config availability.
[[0;32m  OK  [0m] Reached target Network is Online.
         Starting iSCSI initiator daemon (iscsid)...
[[0;32m  OK  [0m] Listening on LXD - unix socket.
[[0;32m  OK  [0m] Listening on Socket activation for snappy daemon.
[[0;32m  OK  [0m] Started iSCSI initiator daemon (iscsid).
         Starting Login to default iSCSI targets...
[[0;32m  OK  [0m] Reached target Sockets.
[[0;32m  OK  [0m] Reached target Basic System.
[[0;32m  OK  [0m] Started ACPI event daemon.
         Starting LXD - container startup/shutdown...
[[0;32m  OK  [0m] Started FUSE filesystem for LXC.
         Starting LSB: Record successful boot for GRUB...
         Starting System Logging Service...
[[0;32m  OK  [0m] Started Deferred execution scheduler.
         Starting PostgreSQL Cluster 9.5-main...
         Starting /etc/rc.local Compatibility...
[[0;32m  OK  [0m] Started D-Bus System Message Bus.
[[0;32m  OK  [0m] Started Regular background program processing daemon.
         Starting LSB: MD monitoring daemon...
         Starting OpenBSD Secure Shell server...
         Starting Accounts Service...
         Starting Login Service...
[[0;32m  OK  [0m] Started Snappy daemon.
         Starting Auto import assertions from block devices...
         Starting Apply the settings specified in cloud-config...
[[0;32m  OK  [0m] Started Unattended Upgrades Shutdown.
[[0;32m  OK  [0m] Started System Logging Service.
[[0;32m  OK  [0m] Started OpenBSD Secure Shell server.
[[0;32m  OK  [0m] Started LXD - container startup/shutdown.
[[0;32m  OK  [0m] Started /etc/rc.local Compatibility.
[[0;32m  OK  [0m] Started Auto import assertions from block devices.
[[0;32m  OK  [0m] Started Login to default iSCSI targets.
[[0;32m  OK  [0m] Started LSB: Record successful boot for GRUB.
[[0;32m  OK  [0m] Started LSB: MD monitoring daemon.
[[0;32m  OK  [0m] Started Login Service.
         Starting Authenticate and Authorize Users to Run Privileged Tasks...
[[0;32m  OK  [0m] Reached target Remote File Systems (Pre).
[[0;32m  OK  [0m] Reached target Remote File Systems.
         Starting LSB: VirtualBox Linux Additions...
         Starting LSB: Start/stop sysstat's sadc...
         Starting LSB: Set the CPU Frequency Scaling governor to "ondemand"...
         Starting LSB: daemon to balance interrupts for SMP systems...
         Starting LSB: automatic crash report generation...
         Starting Permit User Sessions...
[[0;32m  OK  [0m] Started Permit User Sessions.
[[0;32m  OK  [0m] Started Authenticate and Authorize Users to Run Privileged Tasks.
[[0;32m  OK  [0m] Started Accounts Service.
[[0;32m  OK  [0m] Started LSB: Start/stop sysstat's sadc.
[   26.674953] cloud-init[1086]: Cloud-init v. 0.7.9 running 'modules:config' at Thu, 25 May 2017 01:38:46 +0000. Up 26.51 seconds.
[[0;32m  OK  [0m] Started LSB: VirtualBox Linux Additions.
[[0;32m  OK  [0m] Started Apply the settings specified in cloud-config.
[[0;32m  OK  [0m] Started LSB: Set the CPU Frequency Scaling governor to "ondemand".
[[0;32m  OK  [0m] Started LSB: daemon to balance interrupts for SMP systems.
[[0;32m  OK  [0m] Started LSB: automatic crash report generation.
         Starting Hold until boot process finishes up...
         Starting Terminate Plymouth Boot Screen...
[[0;32m  OK  [0m] Started Hold until boot process finishes up.
[[0;32m  OK  [0m] Started Terminate Plymouth Boot Screen.
         Starting Set console scheme...
[[0;32m  OK  [0m] Started Getty on tty1.
[[0;32m  OK  [0m] Started Serial Getty on ttyS0.
[[0;32m  OK  [0m] Reached target Login Prompts.
[[0;32m  OK  [0m] Started Set console scheme.
[[0;32m  OK  [0m] Started PostgreSQL Cluster 9.5-main.
         Starting PostgreSQL RDBMS...
[[0;32m  OK  [0m] Started PostgreSQL RDBMS.
[[0;32m  OK  [0m] Reached target Multi-User System.
         Starting Execute cloud user/final scripts...
[[0;32m  OK  [0m] Reached target Graphical Interface.
         Starting Update UTMP about System Runlevel Changes...
[[0;32m  OK  [0m] Started Update UTMP about System Runlevel Changes.
[   28.677192] cloud-init[1223]: Cloud-init v. 0.7.9 running 'modules:final' at Thu, 25 May 2017 01:38:48 +0000. Up 28.55 seconds.
[   28.720632] cloud-init[1223]: Cloud-init v. 0.7.9 finished at Thu, 25 May 2017 01:38:48 +0000. Datasource DataSourceNoCloud [seed=/dev/sdb][dsmode=net].  Up 28.67 seconds
[[0;32m  OK  [0m] Started Execute cloud user/final scripts.
[[0;32m  OK  [0m] Reached target Cloud-init target.

Ubuntu 16.04.2 LTS ubuntu-xenial ttyS0

ubuntu-xenial login: 